Flow report for top
Sat Apr 23 21:29:18 2022
Quartus Prime Version 17.1.0 Build 590 10/25/2017 SJ Lite Edition


---------------------
; Table of Contents ;
---------------------
  1. Legal Notice
  2. Flow Summary
  3. Flow Settings
  4. Flow Non-Default Global Settings
  5. Flow Elapsed Time
  6. Flow OS Summary
  7. Flow Log
  8. Flow Messages
  9. Flow Suppressed Messages



----------------
; Legal Notice ;
----------------
Copyright (C) 2017  Intel Corporation. All rights reserved.
Your use of Intel Corporation's design tools, logic functions 
and other software and tools, and its AMPP partner logic 
functions, and any output files from any of the foregoing 
(including device programming or simulation files), and any 
associated documentation or information are expressly subject 
to the terms and conditions of the Intel Program License 
Subscription Agreement, the Intel Quartus Prime License Agreement,
the Intel FPGA IP License Agreement, or other applicable license
agreement, including, without limitation, that your use is for
the sole purpose of programming logic devices manufactured by
Intel and sold by Intel or its authorized distributors.  Please
refer to the applicable agreement for further details.



+----------------------------------------------------------------------------------+
; Flow Summary                                                                     ;
+------------------------------------+---------------------------------------------+
; Flow Status                        ; Successful - Sat Apr 23 21:29:13 2022       ;
; Quartus Prime Version              ; 17.1.0 Build 590 10/25/2017 SJ Lite Edition ;
; Revision Name                      ; top                                         ;
; Top-level Entity Name              ; top_level                                   ;
; Family                             ; Cyclone 10 LP                               ;
; Device                             ; 10CL025YU256I7G                             ;
; Timing Models                      ; Final                                       ;
; Total logic elements               ; 9,231 / 24,624 ( 37 % )                     ;
;     Total combinational functions  ; 8,572 / 24,624 ( 35 % )                     ;
;     Dedicated logic registers      ; 5,362 / 24,624 ( 22 % )                     ;
; Total registers                    ; 5362                                        ;
; Total pins                         ; 3 / 151 ( 2 % )                             ;
; Total virtual pins                 ; 0                                           ;
; Total memory bits                  ; 307,232 / 608,256 ( 51 % )                  ;
; Embedded Multiplier 9-bit elements ; 0 / 132 ( 0 % )                             ;
; Total PLLs                         ; 0 / 4 ( 0 % )                               ;
+------------------------------------+---------------------------------------------+


+-----------------------------------------+
; Flow Settings                           ;
+-------------------+---------------------+
; Option            ; Setting             ;
+-------------------+---------------------+
; Start date & time ; 04/23/2022 21:23:03 ;
; Main task         ; Compilation         ;
; Revision Name     ; top                 ;
+-------------------+---------------------+


+---------------------------------------------------------------------------------------------------------------------------------------+
; Flow Non-Default Global Settings                                                                                                      ;
+---------------------------------------------------+----------------------------------------+---------------+-------------+------------+
; Assignment Name                                   ; Value                                  ; Default Value ; Entity Name ; Section Id ;
+---------------------------------------------------+----------------------------------------+---------------+-------------+------------+
; ADV_NETLIST_OPT_SYNTH_GATE_RETIME                 ; On                                     ; Off           ; --          ; --         ;
; ADV_NETLIST_OPT_SYNTH_WYSIWYG_REMAP               ; On                                     ; Off           ; --          ; --         ;
; COMPILER_SIGNATURE_ID                             ; 2546579624899.165073818246928          ; --            ; --          ; --         ;
; CYCLONEII_OPTIMIZATION_TECHNIQUE                  ; Speed                                  ; Balanced      ; --          ; --         ;
; FITTER_EFFORT                                     ; Standard Fit                           ; Auto Fit      ; --          ; --         ;
; MAX_CORE_JUNCTION_TEMP                            ; 100                                    ; --            ; --          ; --         ;
; MIN_CORE_JUNCTION_TEMP                            ; -40                                    ; --            ; --          ; --         ;
; MUX_RESTRUCTURE                                   ; Off                                    ; Auto          ; --          ; --         ;
; NUM_PARALLEL_PROCESSORS                           ; All                                    ; --            ; --          ; --         ;
; OPTIMIZE_MULTI_CORNER_TIMING                      ; Off                                    ; On            ; --          ; --         ;
; PARTITION_COLOR                                   ; -- (Not supported for targeted family) ; --            ; top_level   ; Top        ;
; PARTITION_FITTER_PRESERVATION_LEVEL               ; -- (Not supported for targeted family) ; --            ; top_level   ; Top        ;
; PARTITION_NETLIST_TYPE                            ; -- (Not supported for targeted family) ; --            ; top_level   ; Top        ;
; PHYSICAL_SYNTHESIS_ASYNCHRONOUS_SIGNAL_PIPELINING ; On                                     ; Off           ; --          ; --         ;
; PHYSICAL_SYNTHESIS_COMBO_LOGIC                    ; On                                     ; Off           ; --          ; --         ;
; PHYSICAL_SYNTHESIS_EFFORT                         ; Extra                                  ; Normal        ; --          ; --         ;
; PHYSICAL_SYNTHESIS_REGISTER_DUPLICATION           ; On                                     ; Off           ; --          ; --         ;
; PHYSICAL_SYNTHESIS_REGISTER_RETIMING              ; On                                     ; Off           ; --          ; --         ;
; POWER_BOARD_THERMAL_MODEL                         ; None (CONSERVATIVE)                    ; --            ; --          ; --         ;
; POWER_PRESET_COOLING_SOLUTION                     ; 23 MM HEAT SINK WITH 200 LFPM AIRFLOW  ; --            ; --          ; --         ;
; STATE_MACHINE_PROCESSING                          ; One-Hot                                ; Auto          ; --          ; --         ;
; TIMEQUEST_DO_REPORT_TIMING                        ; On                                     ; Off           ; --          ; --         ;
; TIMEQUEST_MULTICORNER_ANALYSIS                    ; Off                                    ; On            ; --          ; --         ;
; TOP_LEVEL_ENTITY                                  ; top_level                              ; top           ; --          ; --         ;
+---------------------------------------------------+----------------------------------------+---------------+-------------+------------+


+-------------------------------------------------------------------------------------------------------------------------------+
; Flow Elapsed Time                                                                                                             ;
+---------------------------+--------------+-------------------------+---------------------+------------------------------------+
; Module Name               ; Elapsed Time ; Average Processors Used ; Peak Virtual Memory ; Total CPU Time (on all processors) ;
+---------------------------+--------------+-------------------------+---------------------+------------------------------------+
; Analysis & Synthesis      ; 00:04:44     ; 1.0                     ; 5127 MB             ; 00:03:59                           ;
; Fitter                    ; 00:01:04     ; 1.3                     ; 5678 MB             ; 00:01:42                           ;
; Assembler                 ; 00:00:03     ; 1.0                     ; 4718 MB             ; 00:00:02                           ;
; TimeQuest Timing Analyzer ; 00:00:04     ; 1.3                     ; 4848 MB             ; 00:00:04                           ;
; Total                     ; 00:05:55     ; --                      ; --                  ; 00:05:47                           ;
+---------------------------+--------------+-------------------------+---------------------+------------------------------------+


+-----------------------------------------------------------------------------------------+
; Flow OS Summary                                                                         ;
+---------------------------+------------------+------------+------------+----------------+
; Module Name               ; Machine Hostname ; OS Name    ; OS Version ; Processor type ;
+---------------------------+------------------+------------+------------+----------------+
; Analysis & Synthesis      ; DESKTOPHOME      ; Windows 10 ; 10.0       ; x86_64         ;
; Fitter                    ; DESKTOPHOME      ; Windows 10 ; 10.0       ; x86_64         ;
; Assembler                 ; DESKTOPHOME      ; Windows 10 ; 10.0       ; x86_64         ;
; TimeQuest Timing Analyzer ; DESKTOPHOME      ; Windows 10 ; 10.0       ; x86_64         ;
+---------------------------+------------------+------------+------------+----------------+


------------
; Flow Log ;
------------
quartus_map --read_settings_files=on --write_settings_files=off top -c top
quartus_fit --read_settings_files=off --write_settings_files=off top -c top
quartus_asm --read_settings_files=off --write_settings_files=off top -c top
quartus_sta top -c top



