Flow report for top
Sat Apr 23 22:48:28 2022
Quartus Prime Version 17.1.0 Build 590 10/25/2017 SJ Lite Edition


---------------------
; Table of Contents ;
---------------------
  1. Legal Notice
  2. Flow Summary
  3. Flow Settings
  4. Flow Non-Default Global Settings
  5. Flow Elapsed Time
  6. Flow OS Summary
  7. Flow Log
  8. Flow Messages
  9. Flow Suppressed Messages



----------------
; Legal Notice ;
----------------
Copyright (C) 2017  Intel Corporation. All rights reserved.
Your use of Intel Corporation's design tools, logic functions 
and other software and tools, and its AMPP partner logic 
functions, and any output files from any of the foregoing 
(including device programming or simulation files), and any 
associated documentation or information are expressly subject 
to the terms and conditions of the Intel Program License 
Subscription Agreement, the Intel Quartus Prime License Agreement,
the Intel FPGA IP License Agreement, or other applicable license
agreement, including, without limitation, that your use is for
the sole purpose of programming logic devices manufactured by
Intel and sold by Intel or its authorized distributors.  Please
refer to the applicable agreement for further details.



+----------------------------------------------------------------------------------+
; Flow Summary                                                                     ;
+------------------------------------+---------------------------------------------+
; Flow Status                        ; Successful - Sat Apr 23 22:48:23 2022       ;
; Quartus Prime Version              ; 17.1.0 Build 590 10/25/2017 SJ Lite Edition ;
; Revision Name                      ; top                                         ;
; Top-level Entity Name              ; top_level                                   ;
; Family                             ; MAX 10                                      ;
; Device                             ; 10M50DAF484C6GES                            ;
; Timing Models                      ; Preliminary                                 ;
; Total logic elements               ; 9,235 / 49,760 ( 19 % )                     ;
;     Total combinational functions  ; 8,601 / 49,760 ( 17 % )                     ;
;     Dedicated logic registers      ; 5,362 / 49,760 ( 11 % )                     ;
; Total registers                    ; 5362                                        ;
; Total pins                         ; 3 / 360 ( < 1 % )                           ;
; Total virtual pins                 ; 0                                           ;
; Total memory bits                  ; 307,232 / 1,677,312 ( 18 % )                ;
; Embedded Multiplier 9-bit elements ; 0 / 288 ( 0 % )                             ;
; Total PLLs                         ; 0 / 4 ( 0 % )                               ;
; UFM blocks                         ; 0 / 1 ( 0 % )                               ;
; ADC blocks                         ; 0 / 2 ( 0 % )                               ;
+------------------------------------+---------------------------------------------+


+-----------------------------------------+
; Flow Settings                           ;
+-------------------+---------------------+
; Option            ; Setting             ;
+-------------------+---------------------+
; Start date & time ; 04/23/2022 22:43:32 ;
; Main task         ; Compilation         ;
; Revision Name     ; top                 ;
+-------------------+---------------------+


+---------------------------------------------------------------------------------------------------------------------------------------+
; Flow Non-Default Global Settings                                                                                                      ;
+---------------------------------------------------+----------------------------------------+---------------+-------------+------------+
; Assignment Name                                   ; Value                                  ; Default Value ; Entity Name ; Section Id ;
+---------------------------------------------------+----------------------------------------+---------------+-------------+------------+
; ADV_NETLIST_OPT_SYNTH_GATE_RETIME                 ; -- (Not supported for targeted family) ; Off           ; --          ; --         ;
; ADV_NETLIST_OPT_SYNTH_WYSIWYG_REMAP               ; On                                     ; Off           ; --          ; --         ;
; COMPILER_SIGNATURE_ID                             ; 2546579624899.165074301244536          ; --            ; --          ; --         ;
; CYCLONEII_OPTIMIZATION_TECHNIQUE                  ; Speed                                  ; Balanced      ; --          ; --         ;
; FITTER_EFFORT                                     ; Standard Fit                           ; Auto Fit      ; --          ; --         ;
; MAX_CORE_JUNCTION_TEMP                            ; 85                                     ; --            ; --          ; --         ;
; MIN_CORE_JUNCTION_TEMP                            ; 0                                      ; --            ; --          ; --         ;
; MUX_RESTRUCTURE                                   ; Off                                    ; Auto          ; --          ; --         ;
; NUM_PARALLEL_PROCESSORS                           ; All                                    ; --            ; --          ; --         ;
; OPTIMIZE_MULTI_CORNER_TIMING                      ; Off                                    ; On            ; --          ; --         ;
; PARTITION_COLOR                                   ; -- (Not supported for targeted family) ; --            ; top_level   ; Top        ;
; PARTITION_FITTER_PRESERVATION_LEVEL               ; -- (Not supported for targeted family) ; --            ; top_level   ; Top        ;
; PARTITION_NETLIST_TYPE                            ; -- (Not supported for targeted family) ; --            ; top_level   ; Top        ;
; PHYSICAL_SYNTHESIS_ASYNCHRONOUS_SIGNAL_PIPELINING ; On                                     ; Off           ; --          ; --         ;
; PHYSICAL_SYNTHESIS_COMBO_LOGIC                    ; On                                     ; Off           ; --          ; --         ;
; PHYSICAL_SYNTHESIS_EFFORT                         ; Extra                                  ; Normal        ; --          ; --         ;
; PHYSICAL_SYNTHESIS_REGISTER_DUPLICATION           ; On                                     ; Off           ; --          ; --         ;
; PHYSICAL_SYNTHESIS_REGISTER_RETIMING              ; On                                     ; Off           ; --          ; --         ;
; POWER_BOARD_THERMAL_MODEL                         ; None (CONSERVATIVE)                    ; --            ; --          ; --         ;
; POWER_PRESET_COOLING_SOLUTION                     ; 23 MM HEAT SINK WITH 200 LFPM AIRFLOW  ; --            ; --          ; --         ;
; STATE_MACHINE_PROCESSING                          ; One-Hot                                ; Auto          ; --          ; --         ;
; TIMEQUEST_DO_REPORT_TIMING                        ; On                                     ; Off           ; --          ; --         ;
; TIMEQUEST_MULTICORNER_ANALYSIS                    ; Off                                    ; On            ; --          ; --         ;
; TOP_LEVEL_ENTITY                                  ; top_level                              ; top           ; --          ; --         ;
+---------------------------------------------------+----------------------------------------+---------------+-------------+------------+


+-------------------------------------------------------------------------------------------------------------------------------+
; Flow Elapsed Time                                                                                                             ;
+---------------------------+--------------+-------------------------+---------------------+------------------------------------+
; Module Name               ; Elapsed Time ; Average Processors Used ; Peak Virtual Memory ; Total CPU Time (on all processors) ;
+---------------------------+--------------+-------------------------+---------------------+------------------------------------+
; Analysis & Synthesis      ; 00:03:31     ; 1.0                     ; 5152 MB             ; 00:03:35                           ;
; Fitter                    ; 00:01:02     ; 1.2                     ; 5836 MB             ; 00:01:45                           ;
; Assembler                 ; 00:00:05     ; 1.0                     ; 4726 MB             ; 00:00:04                           ;
; TimeQuest Timing Analyzer ; 00:00:04     ; 1.1                     ; 4872 MB             ; 00:00:04                           ;
; Total                     ; 00:04:42     ; --                      ; --                  ; 00:05:28                           ;
+---------------------------+--------------+-------------------------+---------------------+------------------------------------+


+-----------------------------------------------------------------------------------------+
; Flow OS Summary                                                                         ;
+---------------------------+------------------+------------+------------+----------------+
; Module Name               ; Machine Hostname ; OS Name    ; OS Version ; Processor type ;
+---------------------------+------------------+------------+------------+----------------+
; Analysis & Synthesis      ; DESKTOPHOME      ; Windows 10 ; 10.0       ; x86_64         ;
; Fitter                    ; DESKTOPHOME      ; Windows 10 ; 10.0       ; x86_64         ;
; Assembler                 ; DESKTOPHOME      ; Windows 10 ; 10.0       ; x86_64         ;
; TimeQuest Timing Analyzer ; DESKTOPHOME      ; Windows 10 ; 10.0       ; x86_64         ;
+---------------------------+------------------+------------+------------+----------------+


------------
; Flow Log ;
------------
quartus_map --read_settings_files=on --write_settings_files=off top -c top
quartus_fit --read_settings_files=off --write_settings_files=off top -c top
quartus_asm --read_settings_files=off --write_settings_files=off top -c top
quartus_sta top -c top



