Analysis & Synthesis report for de10_nano
Mon Feb 14 18:21:57 2022
Quartus Prime Version 17.1.0 Build 590 10/25/2017 SJ Lite Edition


---------------------
; Table of Contents ;
---------------------
  1. Legal Notice
  2. Analysis & Synthesis Summary
  3. Analysis & Synthesis Settings
  4. Parallel Compilation
  5. Analysis & Synthesis Source Files Read
  6. Analysis & Synthesis Resource Usage Summary
  7. Analysis & Synthesis Resource Utilization by Entity
  8. Analysis & Synthesis DSP Block Usage Summary
  9. General Register Statistics
 10. Port Connectivity Checks: "layer:layer"
 11. Post-Synthesis Netlist Statistics for Top Partition
 12. Elapsed Time Per Partition
 13. Analysis & Synthesis Messages



----------------
; Legal Notice ;
----------------
Copyright (C) 2017  Intel Corporation. All rights reserved.
Your use of Intel Corporation's design tools, logic functions 
and other software and tools, and its AMPP partner logic 
functions, and any output files from any of the foregoing 
(including device programming or simulation files), and any 
associated documentation or information are expressly subject 
to the terms and conditions of the Intel Program License 
Subscription Agreement, the Intel Quartus Prime License Agreement,
the Intel FPGA IP License Agreement, or other applicable license
agreement, including, without limitation, that your use is for
the sole purpose of programming logic devices manufactured by
Intel and sold by Intel or its authorized distributors.  Please
refer to the applicable agreement for further details.



+-------------------------------------------------------------------------------+
; Analysis & Synthesis Summary                                                  ;
+---------------------------------+---------------------------------------------+
; Analysis & Synthesis Status     ; Successful - Mon Feb 14 18:21:57 2022       ;
; Quartus Prime Version           ; 17.1.0 Build 590 10/25/2017 SJ Lite Edition ;
; Revision Name                   ; de10_nano                                   ;
; Top-level Entity Name           ; de10_nano                                   ;
; Family                          ; Cyclone V                                   ;
; Logic utilization (in ALMs)     ; N/A                                         ;
; Total registers                 ; 0                                           ;
; Total pins                      ; 8                                           ;
; Total virtual pins              ; 0                                           ;
; Total block memory bits         ; 0                                           ;
; Total DSP Blocks                ; 60                                          ;
; Total HSSI RX PCSs              ; 0                                           ;
; Total HSSI PMA RX Deserializers ; 0                                           ;
; Total HSSI TX PCSs              ; 0                                           ;
; Total HSSI PMA TX Serializers   ; 0                                           ;
; Total PLLs                      ; 0                                           ;
; Total DLLs                      ; 0                                           ;
+---------------------------------+---------------------------------------------+


+---------------------------------------------------------------------------------------------------------------------------+
; Analysis & Synthesis Settings                                                                                             ;
+---------------------------------------------------------------------------------+--------------------+--------------------+
; Option                                                                          ; Setting            ; Default Value      ;
+---------------------------------------------------------------------------------+--------------------+--------------------+
; Device                                                                          ; 5CSEBA6U23I7       ;                    ;
; Top-level entity name                                                           ; de10_nano          ; de10_nano          ;
; Family name                                                                     ; Cyclone V          ; Cyclone V          ;
; Use smart compilation                                                           ; Off                ; Off                ;
; Enable parallel Assembler and TimeQuest Timing Analyzer during compilation      ; On                 ; On                 ;
; Enable compact report table                                                     ; Off                ; Off                ;
; Restructure Multiplexers                                                        ; Auto               ; Auto               ;
; MLAB Add Timing Constraints For Mixed-Port Feed-Through Mode Setting Don't Care ; Off                ; Off                ;
; Create Debugging Nodes for IP Cores                                             ; Off                ; Off                ;
; Preserve fewer node names                                                       ; On                 ; On                 ;
; Intel FPGA IP Evaluation Mode                                                   ; Enable             ; Enable             ;
; Verilog Version                                                                 ; Verilog_2001       ; Verilog_2001       ;
; VHDL Version                                                                    ; VHDL_1993          ; VHDL_1993          ;
; State Machine Processing                                                        ; Auto               ; Auto               ;
; Safe State Machine                                                              ; Off                ; Off                ;
; Extract Verilog State Machines                                                  ; On                 ; On                 ;
; Extract VHDL State Machines                                                     ; On                 ; On                 ;
; Ignore Verilog initial constructs                                               ; Off                ; Off                ;
; Iteration limit for constant Verilog loops                                      ; 5000               ; 5000               ;
; Iteration limit for non-constant Verilog loops                                  ; 250                ; 250                ;
; Add Pass-Through Logic to Inferred RAMs                                         ; On                 ; On                 ;
; Infer RAMs from Raw Logic                                                       ; On                 ; On                 ;
; Parallel Synthesis                                                              ; On                 ; On                 ;
; DSP Block Balancing                                                             ; Auto               ; Auto               ;
; NOT Gate Push-Back                                                              ; On                 ; On                 ;
; Power-Up Don't Care                                                             ; On                 ; On                 ;
; Remove Redundant Logic Cells                                                    ; Off                ; Off                ;
; Remove Duplicate Registers                                                      ; On                 ; On                 ;
; Ignore CARRY Buffers                                                            ; Off                ; Off                ;
; Ignore CASCADE Buffers                                                          ; Off                ; Off                ;
; Ignore GLOBAL Buffers                                                           ; Off                ; Off                ;
; Ignore ROW GLOBAL Buffers                                                       ; Off                ; Off                ;
; Ignore LCELL Buffers                                                            ; Off                ; Off                ;
; Ignore SOFT Buffers                                                             ; On                 ; On                 ;
; Limit AHDL Integers to 32 Bits                                                  ; Off                ; Off                ;
; Optimization Technique                                                          ; Balanced           ; Balanced           ;
; Carry Chain Length                                                              ; 70                 ; 70                 ;
; Auto Carry Chains                                                               ; On                 ; On                 ;
; Auto Open-Drain Pins                                                            ; On                 ; On                 ;
; Perform WYSIWYG Primitive Resynthesis                                           ; Off                ; Off                ;
; Auto ROM Replacement                                                            ; On                 ; On                 ;
; Auto RAM Replacement                                                            ; On                 ; On                 ;
; Auto DSP Block Replacement                                                      ; On                 ; On                 ;
; Auto Shift Register Replacement                                                 ; Auto               ; Auto               ;
; Allow Shift Register Merging across Hierarchies                                 ; Auto               ; Auto               ;
; Auto Clock Enable Replacement                                                   ; On                 ; On                 ;
; Strict RAM Replacement                                                          ; Off                ; Off                ;
; Allow Synchronous Control Signals                                               ; On                 ; On                 ;
; Force Use of Synchronous Clear Signals                                          ; Off                ; Off                ;
; Auto Resource Sharing                                                           ; Off                ; Off                ;
; Allow Any RAM Size For Recognition                                              ; Off                ; Off                ;
; Allow Any ROM Size For Recognition                                              ; Off                ; Off                ;
; Allow Any Shift Register Size For Recognition                                   ; Off                ; Off                ;
; Use LogicLock Constraints during Resource Balancing                             ; On                 ; On                 ;
; Ignore translate_off and synthesis_off directives                               ; Off                ; Off                ;
; Timing-Driven Synthesis                                                         ; On                 ; On                 ;
; Report Parameter Settings                                                       ; On                 ; On                 ;
; Report Source Assignments                                                       ; On                 ; On                 ;
; Report Connectivity Checks                                                      ; On                 ; On                 ;
; Ignore Maximum Fan-Out Assignments                                              ; Off                ; Off                ;
; Synchronization Register Chain Length                                           ; 3                  ; 3                  ;
; Power Optimization During Synthesis                                             ; Normal compilation ; Normal compilation ;
; HDL message level                                                               ; Level2             ; Level2             ;
; Suppress Register Optimization Related Messages                                 ; Off                ; Off                ;
; Number of Removed Registers Reported in Synthesis Report                        ; 5000               ; 5000               ;
; Number of Swept Nodes Reported in Synthesis Report                              ; 5000               ; 5000               ;
; Number of Inverted Registers Reported in Synthesis Report                       ; 100                ; 100                ;
; Clock MUX Protection                                                            ; On                 ; On                 ;
; Auto Gated Clock Conversion                                                     ; Off                ; Off                ;
; Block Design Naming                                                             ; Auto               ; Auto               ;
; SDC constraint protection                                                       ; Off                ; Off                ;
; Synthesis Effort                                                                ; Auto               ; Auto               ;
; Shift Register Replacement - Allow Asynchronous Clear Signal                    ; On                 ; On                 ;
; Pre-Mapping Resynthesis Optimization                                            ; Off                ; Off                ;
; Analysis & Synthesis Message Level                                              ; Medium             ; Medium             ;
; Disable Register Merging Across Hierarchies                                     ; Auto               ; Auto               ;
; Resource Aware Inference For Block RAM                                          ; On                 ; On                 ;
; Automatic Parallel Synthesis                                                    ; On                 ; On                 ;
; Partial Reconfiguration Bitstream ID                                            ; Off                ; Off                ;
+---------------------------------------------------------------------------------+--------------------+--------------------+


+------------------------------------------+
; Parallel Compilation                     ;
+----------------------------+-------------+
; Processors                 ; Number      ;
+----------------------------+-------------+
; Number detected on machine ; 4           ;
; Maximum allowed            ; 4           ;
;                            ;             ;
; Average used               ; 1.00        ;
; Maximum used               ; 4           ;
;                            ;             ;
; Usage by Processor         ; % Time Used ;
;     Processor 1            ; 100.0%      ;
;     Processor 2            ;   0.0%      ;
;     Processor 3            ;   0.0%      ;
;     Processor 4            ;   0.0%      ;
+----------------------------+-------------+


+--------------------------------------------------------------------------------------------------------------------------------------------------------------------------+
; Analysis & Synthesis Source Files Read                                                                                                                                   ;
+----------------------------------+-----------------+------------------------+----------------------------------------------------------------------------------+---------+
; File Name with User-Entered Path ; Used in Netlist ; File Type              ; File Name with Absolute Path                                                     ; Library ;
+----------------------------------+-----------------+------------------------+----------------------------------------------------------------------------------+---------+
; de10_nano.v                      ; yes             ; User Verilog HDL File  ; C:/Users/forga/YandexDisk/Education/2020-2022/HLIMDS/lab_2/de10-nano/de10_nano.v ;         ;
; neuron.v                         ; yes             ; User Verilog HDL File  ; C:/Users/forga/YandexDisk/Education/2020-2022/HLIMDS/lab_2/de10-nano/neuron.v    ;         ;
; layer.v                          ; yes             ; User Verilog HDL File  ; C:/Users/forga/YandexDisk/Education/2020-2022/HLIMDS/lab_2/de10-nano/layer.v     ;         ;
; data.bin                         ; yes             ; User Unspecified File  ; C:/Users/forga/YandexDisk/Education/2020-2022/HLIMDS/lab_2/de10-nano/data.bin    ;         ;
; weights.hex                      ; yes             ; User File              ; C:/Users/forga/YandexDisk/Education/2020-2022/HLIMDS/lab_2/de10-nano/weights.hex ;         ;
+----------------------------------+-----------------+------------------------+----------------------------------------------------------------------------------+---------+


+-----------------------------------------------------------------------------------------------------+
; Analysis & Synthesis Resource Usage Summary                                                         ;
+---------------------------------------------+-------------------------------------------------------+
; Resource                                    ; Usage                                                 ;
+---------------------------------------------+-------------------------------------------------------+
; Estimate of Logic utilization (ALMs needed) ; 26                                                    ;
;                                             ;                                                       ;
; Combinational ALUT usage for logic          ; 28                                                    ;
;     -- 7 input functions                    ; 0                                                     ;
;     -- 6 input functions                    ; 24                                                    ;
;     -- 5 input functions                    ; 0                                                     ;
;     -- 4 input functions                    ; 0                                                     ;
;     -- <=3 input functions                  ; 4                                                     ;
;                                             ;                                                       ;
; Dedicated logic registers                   ; 0                                                     ;
;                                             ;                                                       ;
; I/O pins                                    ; 8                                                     ;
;                                             ;                                                       ;
; Total DSP Blocks                            ; 60                                                    ;
;                                             ;                                                       ;
; Maximum fan-out node                        ; layer:layer|neuron:neuron_generating[0].neuron|sum[0] ;
; Maximum fan-out                             ; 6                                                     ;
; Total fan-out                               ; 116                                                   ;
; Average fan-out                             ; 1.12                                                  ;
+---------------------------------------------+-------------------------------------------------------+


+----------------------------------------------------------------------------------------------------------------------------------------------------------------------------------------------------------------------------------------------+
; Analysis & Synthesis Resource Utilization by Entity                                                                                                                                                                                          ;
+--------------------------------------------+---------------------+---------------------------+-------------------+------------+------+--------------+-----------------------------------------------------------+-------------+--------------+
; Compilation Hierarchy Node                 ; Combinational ALUTs ; Dedicated Logic Registers ; Block Memory Bits ; DSP Blocks ; Pins ; Virtual Pins ; Full Hierarchy Name                                       ; Entity Name ; Library Name ;
+--------------------------------------------+---------------------+---------------------------+-------------------+------------+------+--------------+-----------------------------------------------------------+-------------+--------------+
; |de10_nano                                 ; 28 (0)              ; 0 (0)                     ; 0                 ; 60         ; 8    ; 0            ; |de10_nano                                                ; de10_nano   ; work         ;
;    |layer:layer|                           ; 28 (0)              ; 0 (0)                     ; 0                 ; 60         ; 0    ; 0            ; |de10_nano|layer:layer                                    ; layer       ; work         ;
;       |neuron:neuron_generating[0].neuron| ; 7 (7)               ; 0 (0)                     ; 0                 ; 15         ; 0    ; 0            ; |de10_nano|layer:layer|neuron:neuron_generating[0].neuron ; neuron      ; work         ;
;       |neuron:neuron_generating[1].neuron| ; 7 (7)               ; 0 (0)                     ; 0                 ; 15         ; 0    ; 0            ; |de10_nano|layer:layer|neuron:neuron_generating[1].neuron ; neuron      ; work         ;
;       |neuron:neuron_generating[2].neuron| ; 7 (7)               ; 0 (0)                     ; 0                 ; 15         ; 0    ; 0            ; |de10_nano|layer:layer|neuron:neuron_generating[2].neuron ; neuron      ; work         ;
;       |neuron:neuron_generating[3].neuron| ; 7 (7)               ; 0 (0)                     ; 0                 ; 15         ; 0    ; 0            ; |de10_nano|layer:layer|neuron:neuron_generating[3].neuron ; neuron      ; work         ;
+--------------------------------------------+---------------------+---------------------------+-------------------+------------+------+--------------+-----------------------------------------------------------+-------------+--------------+
Note: For table entries with two numbers listed, the numbers in parentheses indicate the number of resources of the given type used by the specific entity alone. The numbers listed outside of parentheses indicate the total resources of the given type used by the specific entity and all of its sub-entities in the hierarchy.


+-----------------------------------------------+
; Analysis & Synthesis DSP Block Usage Summary  ;
+---------------------------------+-------------+
; Statistic                       ; Number Used ;
+---------------------------------+-------------+
; Independent 18x18 plus 36       ; 56          ;
; Sum of two 18x18                ; 4           ;
; Total number of DSP blocks      ; 60          ;
;                                 ;             ;
; Fixed Point Unsigned Multiplier ; 64          ;
+---------------------------------+-------------+


+------------------------------------------------------+
; General Register Statistics                          ;
+----------------------------------------------+-------+
; Statistic                                    ; Value ;
+----------------------------------------------+-------+
; Total registers                              ; 0     ;
; Number of registers using Synchronous Clear  ; 0     ;
; Number of registers using Synchronous Load   ; 0     ;
; Number of registers using Asynchronous Clear ; 0     ;
; Number of registers using Asynchronous Load  ; 0     ;
; Number of registers using Clock Enable       ; 0     ;
; Number of registers using Preset             ; 0     ;
+----------------------------------------------+-------+


+-----------------------------------------------------------------------------------------------------------------------------------------------------------------------+
; Port Connectivity Checks: "layer:layer"                                                                                                                               ;
+------+-------+----------+---------------------------------------------------------------------------------------------------------------------------------------------+
; Port ; Type  ; Severity ; Details                                                                                                                                     ;
+------+-------+----------+---------------------------------------------------------------------------------------------------------------------------------------------+
; x    ; Input ; Warning  ; Input port expression (4 bits) is smaller than the input port (16 bits) it drives.  Extra input bit(s) "x[15..4]" will be connected to GND. ;
+------+-------+----------+---------------------------------------------------------------------------------------------------------------------------------------------+


+-----------------------------------------------------+
; Post-Synthesis Netlist Statistics for Top Partition ;
+-----------------------+-----------------------------+
; Type                  ; Count                       ;
+-----------------------+-----------------------------+
; arriav_lcell_comb     ; 28                          ;
;     normal            ; 28                          ;
;         2 data inputs ; 4                           ;
;         6 data inputs ; 24                          ;
; arriav_mac            ; 60                          ;
; boundary_port         ; 8                           ;
;                       ;                             ;
; Max LUT depth         ; 2.00                        ;
; Average LUT depth     ; 0.20                        ;
+-----------------------+-----------------------------+


+-------------------------------+
; Elapsed Time Per Partition    ;
+----------------+--------------+
; Partition Name ; Elapsed Time ;
+----------------+--------------+
; Top            ; 00:00:01     ;
+----------------+--------------+


+-------------------------------+
; Analysis & Synthesis Messages ;
+-------------------------------+
Info: *******************************************************************
Info: Running Quartus Prime Analysis & Synthesis
    Info: Version 17.1.0 Build 590 10/25/2017 SJ Lite Edition
    Info: Processing started: Mon Feb 14 18:21:44 2022
Info: Command: quartus_map --read_settings_files=on --write_settings_files=off de10_nano -c de10_nano
Warning (18236): Number of processors has not been specified which may cause overloading on shared machines.  Set the global assignment NUM_PARALLEL_PROCESSORS in your QSF to an appropriate value for best performance.
Info (20030): Parallel compilation is enabled and will use 4 of the 4 processors detected
Info (12021): Found 1 design units, including 1 entities, in source file de10_nano.v
    Info (12023): Found entity 1: de10_nano File: C:/Users/forga/YandexDisk/Education/2020-2022/HLIMDS/lab_2/de10-nano/de10_nano.v Line: 2
Info (12021): Found 1 design units, including 1 entities, in source file neuron.v
    Info (12023): Found entity 1: neuron File: C:/Users/forga/YandexDisk/Education/2020-2022/HLIMDS/lab_2/de10-nano/neuron.v Line: 1
Info (12021): Found 1 design units, including 1 entities, in source file layer.v
    Info (12023): Found entity 1: layer File: C:/Users/forga/YandexDisk/Education/2020-2022/HLIMDS/lab_2/de10-nano/layer.v Line: 1
Info (12021): Found 1 design units, including 1 entities, in source file neuron_old.v
    Info (12023): Found entity 1: neuron_old File: C:/Users/forga/YandexDisk/Education/2020-2022/HLIMDS/lab_2/de10-nano/neuron_old.v Line: 2
Info (12127): Elaborating entity "de10_nano" for the top level hierarchy
Warning (10850): Verilog HDL warning at de10_nano.v(14): number of words (4) in memory file does not match the number of elements in the address range [0:15] File: C:/Users/forga/YandexDisk/Education/2020-2022/HLIMDS/lab_2/de10-nano/de10_nano.v Line: 14
Warning (10230): Verilog HDL assignment warning at data.bin(1): truncated value with size 16 to match size of target (4) File: C:/Users/forga/YandexDisk/Education/2020-2022/HLIMDS/lab_2/de10-nano/data.bin Line: 1
Warning (10230): Verilog HDL assignment warning at data.bin(2): truncated value with size 16 to match size of target (4) File: C:/Users/forga/YandexDisk/Education/2020-2022/HLIMDS/lab_2/de10-nano/data.bin Line: 2
Warning (10230): Verilog HDL assignment warning at data.bin(3): truncated value with size 16 to match size of target (4) File: C:/Users/forga/YandexDisk/Education/2020-2022/HLIMDS/lab_2/de10-nano/data.bin Line: 3
Warning (10230): Verilog HDL assignment warning at data.bin(4): truncated value with size 16 to match size of target (4) File: C:/Users/forga/YandexDisk/Education/2020-2022/HLIMDS/lab_2/de10-nano/data.bin Line: 4
Warning (10855): Verilog HDL warning at de10_nano.v(13): initial value for variable data should be constant File: C:/Users/forga/YandexDisk/Education/2020-2022/HLIMDS/lab_2/de10-nano/de10_nano.v Line: 13
Info (12128): Elaborating entity "layer" for hierarchy "layer:layer" File: C:/Users/forga/YandexDisk/Education/2020-2022/HLIMDS/lab_2/de10-nano/de10_nano.v Line: 11
Warning (10850): Verilog HDL warning at layer.v(18): number of words (4) in memory file does not match the number of elements in the address range [0:7] File: C:/Users/forga/YandexDisk/Education/2020-2022/HLIMDS/lab_2/de10-nano/layer.v Line: 18
Warning (10855): Verilog HDL warning at layer.v(17): initial value for variable weights should be constant File: C:/Users/forga/YandexDisk/Education/2020-2022/HLIMDS/lab_2/de10-nano/layer.v Line: 17
Info (12128): Elaborating entity "neuron" for hierarchy "layer:layer|neuron:neuron_generating[0].neuron" File: C:/Users/forga/YandexDisk/Education/2020-2022/HLIMDS/lab_2/de10-nano/layer.v Line: 13
Warning (10235): Verilog HDL Always Construct warning at neuron.v(21): variable "bias" is read inside the Always Construct but isn't in the Always Construct's Event Control File: C:/Users/forga/YandexDisk/Education/2020-2022/HLIMDS/lab_2/de10-nano/neuron.v Line: 21
Info (10648): Verilog HDL Display System Task info at neuron.v(33): [          0] = [         31:          16] File: C:/Users/forga/YandexDisk/Education/2020-2022/HLIMDS/lab_2/de10-nano/neuron.v Line: 33
Info (10648): Verilog HDL Display System Task info at neuron.v(33): [          1] = [         47:          32] File: C:/Users/forga/YandexDisk/Education/2020-2022/HLIMDS/lab_2/de10-nano/neuron.v Line: 33
Info (10648): Verilog HDL Display System Task info at neuron.v(33): [          2] = [         63:          48] File: C:/Users/forga/YandexDisk/Education/2020-2022/HLIMDS/lab_2/de10-nano/neuron.v Line: 33
Info (10648): Verilog HDL Display System Task info at neuron.v(33): [          3] = [         79:          64] File: C:/Users/forga/YandexDisk/Education/2020-2022/HLIMDS/lab_2/de10-nano/neuron.v Line: 33
Info (10648): Verilog HDL Display System Task info at neuron.v(33): [          4] = [         95:          80] File: C:/Users/forga/YandexDisk/Education/2020-2022/HLIMDS/lab_2/de10-nano/neuron.v Line: 33
Info (10648): Verilog HDL Display System Task info at neuron.v(33): [          5] = [        111:          96] File: C:/Users/forga/YandexDisk/Education/2020-2022/HLIMDS/lab_2/de10-nano/neuron.v Line: 33
Info (10648): Verilog HDL Display System Task info at neuron.v(33): [          6] = [        127:         112] File: C:/Users/forga/YandexDisk/Education/2020-2022/HLIMDS/lab_2/de10-nano/neuron.v Line: 33
Info (10648): Verilog HDL Display System Task info at neuron.v(33): [          7] = [        143:         128] File: C:/Users/forga/YandexDisk/Education/2020-2022/HLIMDS/lab_2/de10-nano/neuron.v Line: 33
Info (10648): Verilog HDL Display System Task info at neuron.v(33): [          8] = [        159:         144] File: C:/Users/forga/YandexDisk/Education/2020-2022/HLIMDS/lab_2/de10-nano/neuron.v Line: 33
Info (10648): Verilog HDL Display System Task info at neuron.v(33): [          9] = [        175:         160] File: C:/Users/forga/YandexDisk/Education/2020-2022/HLIMDS/lab_2/de10-nano/neuron.v Line: 33
Info (10648): Verilog HDL Display System Task info at neuron.v(33): [         10] = [        191:         176] File: C:/Users/forga/YandexDisk/Education/2020-2022/HLIMDS/lab_2/de10-nano/neuron.v Line: 33
Info (10648): Verilog HDL Display System Task info at neuron.v(33): [         11] = [        207:         192] File: C:/Users/forga/YandexDisk/Education/2020-2022/HLIMDS/lab_2/de10-nano/neuron.v Line: 33
Info (10648): Verilog HDL Display System Task info at neuron.v(33): [         12] = [        223:         208] File: C:/Users/forga/YandexDisk/Education/2020-2022/HLIMDS/lab_2/de10-nano/neuron.v Line: 33
Info (10648): Verilog HDL Display System Task info at neuron.v(33): [         13] = [        239:         224] File: C:/Users/forga/YandexDisk/Education/2020-2022/HLIMDS/lab_2/de10-nano/neuron.v Line: 33
Info (10648): Verilog HDL Display System Task info at neuron.v(33): [         14] = [        255:         240] File: C:/Users/forga/YandexDisk/Education/2020-2022/HLIMDS/lab_2/de10-nano/neuron.v Line: 33
Info (10648): Verilog HDL Display System Task info at neuron.v(33): [         15] = [        271:         256] File: C:/Users/forga/YandexDisk/Education/2020-2022/HLIMDS/lab_2/de10-nano/neuron.v Line: 33
Warning (12241): 1 hierarchies have connectivity warnings - see the Connectivity Checks report folder
Info (286030): Timing-Driven Synthesis is running
Info (16010): Generating hard_block partition "hard_block:auto_generated_inst"
    Info (16011): Adding 0 node(s), including 0 DDIO, 0 PLL, 0 transceiver and 0 LCELL
Warning (21074): Design contains 4 input pin(s) that do not drive logic
    Warning (15610): No output dependent on input pin "KEY[0]" File: C:/Users/forga/YandexDisk/Education/2020-2022/HLIMDS/lab_2/de10-nano/de10_nano.v Line: 4
    Warning (15610): No output dependent on input pin "KEY[1]" File: C:/Users/forga/YandexDisk/Education/2020-2022/HLIMDS/lab_2/de10-nano/de10_nano.v Line: 4
    Warning (15610): No output dependent on input pin "SW[0]" File: C:/Users/forga/YandexDisk/Education/2020-2022/HLIMDS/lab_2/de10-nano/de10_nano.v Line: 5
    Warning (15610): No output dependent on input pin "SW[1]" File: C:/Users/forga/YandexDisk/Education/2020-2022/HLIMDS/lab_2/de10-nano/de10_nano.v Line: 5
Info (21057): Implemented 96 device resources after synthesis - the final resource count might be different
    Info (21058): Implemented 4 input pins
    Info (21059): Implemented 4 output pins
    Info (21061): Implemented 28 logic cells
    Info (21062): Implemented 60 DSP elements
Info: Quartus Prime Analysis & Synthesis was successful. 0 errors, 16 warnings
    Info: Peak virtual memory: 4828 megabytes
    Info: Processing ended: Mon Feb 14 18:21:57 2022
    Info: Elapsed time: 00:00:13
    Info: Total CPU time (on all processors): 00:00:22


